[2018-03-24T06:41:52.053078+00:00] easy-extends.ERROR: Whoops\Exception\ErrorException: unpack(): Type v: not enough input, need 2, have 0 in file F:\phpStudy\WWW\EasyExtends\vendor\splitbrain\php-archive\src\Zip.php on line 487 Stack trace:   1. Whoops\Exception\ErrorException->() F:\phpStudy\WWW\EasyExtends\vendor\splitbrain\php-archive\src\Zip.php:487   2. unpack() F:\phpStudy\WWW\EasyExtends\vendor\splitbrain\php-archive\src\Zip.php:487   3. splitbrain\PHPArchive\Zip->readCentralFileHeader() F:\phpStudy\WWW\EasyExtends\vendor\splitbrain\php-archive\src\Zip.php:85   4. splitbrain\PHPArchive\Zip->contents() F:\phpStudy\WWW\EasyExtends\app\Foundation\Expand.php:74   5. DavidNineRoc\EasyExtends\Foundation\Expand->unZipFile() F:\phpStudy\WWW\EasyExtends\app\Foundation\Expand.php:38   6. DavidNineRoc\EasyExtends\Foundation\Expand->installExtend() F:\phpStudy\WWW\EasyExtends\install.php:20  [] []
[2018-03-24T06:42:18.611123+00:00] easy-extends.ERROR: Whoops\Exception\ErrorException: unpack(): Type v: not enough input, need 2, have 0 in file F:\phpStudy\WWW\EasyExtends\vendor\splitbrain\php-archive\src\Zip.php on line 535 Stack trace:   1. Whoops\Exception\ErrorException->() F:\phpStudy\WWW\EasyExtends\vendor\splitbrain\php-archive\src\Zip.php:535   2. unpack() F:\phpStudy\WWW\EasyExtends\vendor\splitbrain\php-archive\src\Zip.php:535   3. splitbrain\PHPArchive\Zip->readFileHeader() F:\phpStudy\WWW\EasyExtends\vendor\splitbrain\php-archive\src\Zip.php:135   4. splitbrain\PHPArchive\Zip->extract() F:\phpStudy\WWW\EasyExtends\app\Foundation\Expand.php:74   5. DavidNineRoc\EasyExtends\Foundation\Expand->unZipFile() F:\phpStudy\WWW\EasyExtends\app\Foundation\Expand.php:38   6. DavidNineRoc\EasyExtends\Foundation\Expand->installExtend() F:\phpStudy\WWW\EasyExtends\install.php:20  [] []
[2018-03-24T06:44:43.461668+00:00] easy-extends.ERROR: Whoops\Exception\ErrorException: unpack(): Type v: not enough input, need 2, have 0 in file F:\phpStudy\WWW\EasyExtends\vendor\splitbrain\php-archive\src\Zip.php on line 535 Stack trace:   1. Whoops\Exception\ErrorException->() F:\phpStudy\WWW\EasyExtends\vendor\splitbrain\php-archive\src\Zip.php:535   2. unpack() F:\phpStudy\WWW\EasyExtends\vendor\splitbrain\php-archive\src\Zip.php:535   3. splitbrain\PHPArchive\Zip->readFileHeader() F:\phpStudy\WWW\EasyExtends\vendor\splitbrain\php-archive\src\Zip.php:135   4. splitbrain\PHPArchive\Zip->extract() F:\phpStudy\WWW\EasyExtends\app\Foundation\Expand.php:75   5. DavidNineRoc\EasyExtends\Foundation\Expand->unZipFile() F:\phpStudy\WWW\EasyExtends\app\Foundation\Expand.php:38   6. DavidNineRoc\EasyExtends\Foundation\Expand->installExtend() F:\phpStudy\WWW\EasyExtends\install.php:20  [] []
[2018-03-24T06:45:56.851034+00:00] easy-extends.ERROR: Whoops\Exception\ErrorException: unpack(): Type v: not enough input, need 2, have 0 in file F:\phpStudy\WWW\EasyExtends\vendor\splitbrain\php-archive\src\Zip.php on line 536 Stack trace:   1. Whoops\Exception\ErrorException->() F:\phpStudy\WWW\EasyExtends\vendor\splitbrain\php-archive\src\Zip.php:536   2. unpack() F:\phpStudy\WWW\EasyExtends\vendor\splitbrain\php-archive\src\Zip.php:536   3. splitbrain\PHPArchive\Zip->readFileHeader() F:\phpStudy\WWW\EasyExtends\vendor\splitbrain\php-archive\src\Zip.php:135   4. splitbrain\PHPArchive\Zip->extract() F:\phpStudy\WWW\EasyExtends\app\Foundation\Expand.php:75   5. DavidNineRoc\EasyExtends\Foundation\Expand->unZipFile() F:\phpStudy\WWW\EasyExtends\app\Foundation\Expand.php:38   6. DavidNineRoc\EasyExtends\Foundation\Expand->installExtend() F:\phpStudy\WWW\EasyExtends\install.php:20  [] []
[2018-03-24T06:46:35.202800+00:00] easy-extends.ERROR: Whoops\Exception\ErrorException: unpack(): Type v: not enough input, need 2, have 0 in file F:\phpStudy\WWW\EasyExtends\vendor\splitbrain\php-archive\src\Zip.php on line 536 Stack trace:   1. Whoops\Exception\ErrorException->() F:\phpStudy\WWW\EasyExtends\vendor\splitbrain\php-archive\src\Zip.php:536   2. unpack() F:\phpStudy\WWW\EasyExtends\vendor\splitbrain\php-archive\src\Zip.php:536   3. splitbrain\PHPArchive\Zip->readFileHeader() F:\phpStudy\WWW\EasyExtends\vendor\splitbrain\php-archive\src\Zip.php:135   4. splitbrain\PHPArchive\Zip->extract() F:\phpStudy\WWW\EasyExtends\app\Foundation\Expand.php:75   5. DavidNineRoc\EasyExtends\Foundation\Expand->unZipFile() F:\phpStudy\WWW\EasyExtends\app\Foundation\Expand.php:38   6. DavidNineRoc\EasyExtends\Foundation\Expand->installExtend() F:\phpStudy\WWW\EasyExtends\install.php:20  [] []
[2018-03-24T06:46:54.529508+00:00] easy-extends.ERROR: Whoops\Exception\ErrorException: unpack(): Type v: not enough input, need 2, have 0 in file F:\phpStudy\WWW\EasyExtends\vendor\splitbrain\php-archive\src\Zip.php on line 536 Stack trace:   1. Whoops\Exception\ErrorException->() F:\phpStudy\WWW\EasyExtends\vendor\splitbrain\php-archive\src\Zip.php:536   2. unpack() F:\phpStudy\WWW\EasyExtends\vendor\splitbrain\php-archive\src\Zip.php:536   3. splitbrain\PHPArchive\Zip->readFileHeader() F:\phpStudy\WWW\EasyExtends\vendor\splitbrain\php-archive\src\Zip.php:135   4. splitbrain\PHPArchive\Zip->extract() F:\phpStudy\WWW\EasyExtends\app\Foundation\Expand.php:75   5. DavidNineRoc\EasyExtends\Foundation\Expand->unZipFile() F:\phpStudy\WWW\EasyExtends\app\Foundation\Expand.php:38   6. DavidNineRoc\EasyExtends\Foundation\Expand->installExtend() F:\phpStudy\WWW\EasyExtends\install.php:20  [] []
[2018-03-24T06:49:16.614901+00:00] easy-extends.ERROR: Whoops\Exception\ErrorException: unpack(): Type v: not enough input, need 2, have 0 in file F:\phpStudy\WWW\EasyExtends\vendor\splitbrain\php-archive\src\Zip.php on line 536 Stack trace:   1. Whoops\Exception\ErrorException->() F:\phpStudy\WWW\EasyExtends\vendor\splitbrain\php-archive\src\Zip.php:536   2. unpack() F:\phpStudy\WWW\EasyExtends\vendor\splitbrain\php-archive\src\Zip.php:536   3. splitbrain\PHPArchive\Zip->readFileHeader() F:\phpStudy\WWW\EasyExtends\vendor\splitbrain\php-archive\src\Zip.php:135   4. splitbrain\PHPArchive\Zip->extract() F:\phpStudy\WWW\EasyExtends\app\Foundation\Expand.php:75   5. DavidNineRoc\EasyExtends\Foundation\Expand->unZipFile() F:\phpStudy\WWW\EasyExtends\app\Foundation\Expand.php:38   6. DavidNineRoc\EasyExtends\Foundation\Expand->installExtend() F:\phpStudy\WWW\EasyExtends\install.php:20  [] []
[2018-03-24T06:49:24.564062+00:00] easy-extends.ERROR: splitbrain\PHPArchive\ArchiveCorruptedException: Header does not match it's checksum in file F:\phpStudy\WWW\EasyExtends\vendor\splitbrain\php-archive\src\Tar.php on line 562 Stack trace:   1. splitbrain\PHPArchive\ArchiveCorruptedException->() F:\phpStudy\WWW\EasyExtends\vendor\splitbrain\php-archive\src\Tar.php:562   2. splitbrain\PHPArchive\Tar->parseHeader() F:\phpStudy\WWW\EasyExtends\vendor\splitbrain\php-archive\src\Tar.php:145   3. splitbrain\PHPArchive\Tar->extract() F:\phpStudy\WWW\EasyExtends\app\Foundation\Expand.php:76   4. DavidNineRoc\EasyExtends\Foundation\Expand->unZipFile() F:\phpStudy\WWW\EasyExtends\app\Foundation\Expand.php:39   5. DavidNineRoc\EasyExtends\Foundation\Expand->installExtend() F:\phpStudy\WWW\EasyExtends\install.php:20  [] []
[2018-03-24T06:49:31.967320+00:00] easy-extends.ERROR: Whoops\Exception\ErrorException: unpack(): Type v: not enough input, need 2, have 0 in file F:\phpStudy\WWW\EasyExtends\vendor\splitbrain\php-archive\src\Zip.php on line 536 Stack trace:   1. Whoops\Exception\ErrorException->() F:\phpStudy\WWW\EasyExtends\vendor\splitbrain\php-archive\src\Zip.php:536   2. unpack() F:\phpStudy\WWW\EasyExtends\vendor\splitbrain\php-archive\src\Zip.php:536   3. splitbrain\PHPArchive\Zip->readFileHeader() F:\phpStudy\WWW\EasyExtends\vendor\splitbrain\php-archive\src\Zip.php:135   4. splitbrain\PHPArchive\Zip->extract() F:\phpStudy\WWW\EasyExtends\app\Foundation\Expand.php:76   5. DavidNineRoc\EasyExtends\Foundation\Expand->unZipFile() F:\phpStudy\WWW\EasyExtends\app\Foundation\Expand.php:39   6. DavidNineRoc\EasyExtends\Foundation\Expand->installExtend() F:\phpStudy\WWW\EasyExtends\install.php:20  [] []
[2018-03-24T07:08:36.122217+00:00] easy-extends.ERROR: Whoops\Exception\ErrorException: zip_read() expects parameter 1 to be resource, integer given in file F:\phpStudy\WWW\EasyExtends\app\Support\Zip.php on line 30 Stack trace:   1. Whoops\Exception\ErrorException->() F:\phpStudy\WWW\EasyExtends\app\Support\Zip.php:30   2. zip_read() F:\phpStudy\WWW\EasyExtends\app\Support\Zip.php:30   3. DavidNineRoc\EasyExtends\Support\Zip->unzip() F:\phpStudy\WWW\EasyExtends\app\Foundation\Expand.php:72   4. DavidNineRoc\EasyExtends\Foundation\Expand->unZipFile() F:\phpStudy\WWW\EasyExtends\app\Foundation\Expand.php:37   5. DavidNineRoc\EasyExtends\Foundation\Expand->installExtend() F:\phpStudy\WWW\EasyExtends\install.php:20  [] []
[2018-03-24T07:10:11.401035+00:00] easy-extends.ERROR: Whoops\Exception\ErrorException: zip_read() expects parameter 1 to be resource, integer given in file F:\phpStudy\WWW\EasyExtends\app\Support\Zip.php on line 30 Stack trace:   1. Whoops\Exception\ErrorException->() F:\phpStudy\WWW\EasyExtends\app\Support\Zip.php:30   2. zip_read() F:\phpStudy\WWW\EasyExtends\app\Support\Zip.php:30   3. DavidNineRoc\EasyExtends\Support\Zip->unzip() F:\phpStudy\WWW\EasyExtends\app\Foundation\Expand.php:72   4. DavidNineRoc\EasyExtends\Foundation\Expand->unZipFile() F:\phpStudy\WWW\EasyExtends\app\Foundation\Expand.php:37   5. DavidNineRoc\EasyExtends\Foundation\Expand->installExtend() F:\phpStudy\WWW\EasyExtends\install.php:20  [] []
[2018-03-24T07:17:55.869296+00:00] easy-extends.ERROR: Whoops\Exception\ErrorException: zip_read() expects parameter 1 to be resource, integer given in file F:\phpStudy\WWW\EasyExtends\app\Support\Zip.php on line 31 Stack trace:   1. Whoops\Exception\ErrorException->() F:\phpStudy\WWW\EasyExtends\app\Support\Zip.php:31   2. zip_read() F:\phpStudy\WWW\EasyExtends\app\Support\Zip.php:31   3. DavidNineRoc\EasyExtends\Support\Zip->unzip() F:\phpStudy\WWW\EasyExtends\app\Foundation\Expand.php:72   4. DavidNineRoc\EasyExtends\Foundation\Expand->unZipFile() F:\phpStudy\WWW\EasyExtends\app\Foundation\Expand.php:37   5. DavidNineRoc\EasyExtends\Foundation\Expand->installExtend() F:\phpStudy\WWW\EasyExtends\install.php:20  [] []
[2018-03-24T12:31:18.949548+00:00] easy-extends.ERROR: Exception: Error opening F:\phpStudy\WWW\EasyExtends\bootstrap\cache\php_mongodb-1.3.0rc1-7.1-ts-vc14-x86.zip in file F:\phpStudy\WWW\EasyExtends\vendor\vipsoft\unzip\src\VIPSoft\Unzip\Unzip.php on line 74 Stack trace:   1. Exception->() F:\phpStudy\WWW\EasyExtends\vendor\vipsoft\unzip\src\VIPSoft\Unzip\Unzip.php:74   2. VIPSoft\Unzip\Unzip->openZipFile() F:\phpStudy\WWW\EasyExtends\vendor\vipsoft\unzip\src\VIPSoft\Unzip\Unzip.php:175   3. VIPSoft\Unzip\Unzip->extract() F:\phpStudy\WWW\EasyExtends\app\Foundation\Expand.php:73   4. DavidNineRoc\EasyExtends\Foundation\Expand->unZipFile() F:\phpStudy\WWW\EasyExtends\app\Foundation\Expand.php:37   5. DavidNineRoc\EasyExtends\Foundation\Expand->installExtend() F:\phpStudy\WWW\EasyExtends\install.php:20  [] []
[2018-03-24T12:43:28.949126+00:00] easy-extends.ERROR: Error: Call to a member function close() on string in file F:\phpStudy\WWW\EasyExtends\vendor\chumper\zipper\src\Chumper\Zipper\Zipper.php on line 67 Stack trace:   1. Error->() F:\phpStudy\WWW\EasyExtends\vendor\chumper\zipper\src\Chumper\Zipper\Zipper.php:67   2. Exception->() F:\phpStudy\WWW\EasyExtends\vendor\chumper\zipper\src\Chumper\Zipper\Repositories\ZipRepository.php:33   3. Chumper\Zipper\Repositories\ZipRepository->__construct() F:\phpStudy\WWW\EasyExtends\vendor\chumper\zipper\src\Chumper\Zipper\Zipper.php:100   4. Chumper\Zipper\Zipper->make() F:\phpStudy\WWW\EasyExtends\app\Foundation\Expand.php:74   5. DavidNineRoc\EasyExtends\Foundation\Expand->unZipFile() F:\phpStudy\WWW\EasyExtends\app\Foundation\Expand.php:38   6. DavidNineRoc\EasyExtends\Foundation\Expand->installExtend() F:\phpStudy\WWW\EasyExtends\install.php:20  [] []
[2018-03-24T12:43:42.142773+00:00] easy-extends.ERROR: Error: Call to a member function close() on string in file F:\phpStudy\WWW\EasyExtends\vendor\chumper\zipper\src\Chumper\Zipper\Zipper.php on line 67 Stack trace:   1. Error->() F:\phpStudy\WWW\EasyExtends\vendor\chumper\zipper\src\Chumper\Zipper\Zipper.php:67   2. Exception->() F:\phpStudy\WWW\EasyExtends\vendor\chumper\zipper\src\Chumper\Zipper\Repositories\ZipRepository.php:33   3. Chumper\Zipper\Repositories\ZipRepository->__construct() F:\phpStudy\WWW\EasyExtends\vendor\chumper\zipper\src\Chumper\Zipper\Zipper.php:100   4. Chumper\Zipper\Zipper->make() F:\phpStudy\WWW\EasyExtends\app\Foundation\Expand.php:74   5. DavidNineRoc\EasyExtends\Foundation\Expand->unZipFile() F:\phpStudy\WWW\EasyExtends\app\Foundation\Expand.php:38   6. DavidNineRoc\EasyExtends\Foundation\Expand->installExtend() F:\phpStudy\WWW\EasyExtends\install.php:20  [] []
[2018-03-24T12:44:55.343321+00:00] easy-extends.ERROR: Exception: Error: Failed to open F:\phpStudy\WWW\EasyExtends\bootstrap\cache\php_mongodb-1.3.0rc1-7.1-ts-vc14-x86.zip! Error: ZipArchive::ER_NOZIP - Not a zip archive. in file F:\phpStudy\WWW\EasyExtends\vendor\chumper\zipper\src\Chumper\Zipper\Repositories\ZipRepository.php on line 33 Stack trace:   1. Exception->() F:\phpStudy\WWW\EasyExtends\vendor\chumper\zipper\src\Chumper\Zipper\Repositories\ZipRepository.php:33   2. Chumper\Zipper\Repositories\ZipRepository->__construct() F:\phpStudy\WWW\EasyExtends\vendor\chumper\zipper\src\Chumper\Zipper\Zipper.php:100   3. Chumper\Zipper\Zipper->make() F:\phpStudy\WWW\EasyExtends\app\Foundation\Expand.php:74   4. DavidNineRoc\EasyExtends\Foundation\Expand->unZipFile() F:\phpStudy\WWW\EasyExtends\app\Foundation\Expand.php:38   5. DavidNineRoc\EasyExtends\Foundation\Expand->installExtend() F:\phpStudy\WWW\EasyExtends\install.php:20  [] []
[2018-03-24T12:47:17.374875+00:00] easy-extends.ERROR: Error: Call to a member function close() on string in file F:\phpStudy\WWW\EasyExtends\vendor\chumper\zipper\src\Chumper\Zipper\Zipper.php on line 67 Stack trace:   1. Error->() F:\phpStudy\WWW\EasyExtends\vendor\chumper\zipper\src\Chumper\Zipper\Zipper.php:67   2. Exception->() F:\phpStudy\WWW\EasyExtends\vendor\chumper\zipper\src\Chumper\Zipper\Repositories\ZipRepository.php:33   3. Chumper\Zipper\Repositories\ZipRepository->__construct() F:\phpStudy\WWW\EasyExtends\vendor\chumper\zipper\src\Chumper\Zipper\Zipper.php:100   4. Chumper\Zipper\Zipper->make() F:\phpStudy\WWW\EasyExtends\app\Foundation\Expand.php:74   5. DavidNineRoc\EasyExtends\Foundation\Expand->unZipFile() F:\phpStudy\WWW\EasyExtends\app\Foundation\Expand.php:38   6. DavidNineRoc\EasyExtends\Foundation\Expand->installExtend() F:\phpStudy\WWW\EasyExtends\install.php:20  [] []
[2018-03-24T12:51:52.016869+00:00] easy-extends.ERROR: LogicException: Could not open zip archive at:F:\phpStudy\WWW\EasyExtends\bootstrap\cache\php_mongodb-1.3.0rc1-7.1-ts-vc14-x86.zip, error: 19 in file F:\phpStudy\WWW\EasyExtends\vendor\league\flysystem-ziparchive\src\ZipArchiveAdapter.php on line 86 Stack trace:   1. LogicException->() F:\phpStudy\WWW\EasyExtends\vendor\league\flysystem-ziparchive\src\ZipArchiveAdapter.php:86   2. League\Flysystem\ZipArchive\ZipArchiveAdapter->openArchive() F:\phpStudy\WWW\EasyExtends\vendor\league\flysystem-ziparchive\src\ZipArchiveAdapter.php:42   3. League\Flysystem\ZipArchive\ZipArchiveAdapter->__construct() F:\phpStudy\WWW\EasyExtends\app\Foundation\Expand.php:74   4. DavidNineRoc\EasyExtends\Foundation\Expand->unZipFile() F:\phpStudy\WWW\EasyExtends\app\Foundation\Expand.php:39   5. DavidNineRoc\EasyExtends\Foundation\Expand->installExtend() F:\phpStudy\WWW\EasyExtends\install.php:20  [] []
[2018-03-24T13:02:54.696944+00:00] easy-extends.ERROR: LogicException: Could not open zip archive at:F:\phpStudy\WWW\EasyExtends\bootstrap\cache\php_mongodb-1.3.0rc1-7.1-ts-vc14-x86.zip, error: 19 in file F:\phpStudy\WWW\EasyExtends\vendor\league\flysystem-ziparchive\src\ZipArchiveAdapter.php on line 86 Stack trace:   1. LogicException->() F:\phpStudy\WWW\EasyExtends\vendor\league\flysystem-ziparchive\src\ZipArchiveAdapter.php:86   2. League\Flysystem\ZipArchive\ZipArchiveAdapter->openArchive() F:\phpStudy\WWW\EasyExtends\vendor\league\flysystem-ziparchive\src\ZipArchiveAdapter.php:42   3. League\Flysystem\ZipArchive\ZipArchiveAdapter->__construct() F:\phpStudy\WWW\EasyExtends\app\Foundation\Expand.php:74   4. DavidNineRoc\EasyExtends\Foundation\Expand->unZipFile() F:\phpStudy\WWW\EasyExtends\app\Foundation\Expand.php:39   5. DavidNineRoc\EasyExtends\Foundation\Expand->installExtend() F:\phpStudy\WWW\EasyExtends\install.php:20  [] []
[2018-03-24T13:03:15.561261+00:00] easy-extends.ERROR: LogicException: Could not open zip archive at:F:\phpStudy\WWW\EasyExtends\bootstrap\cache\php_mongodb-1.3.0rc1-7.1-ts-vc14-x86.zip, error: 19 in file F:\phpStudy\WWW\EasyExtends\vendor\league\flysystem-ziparchive\src\ZipArchiveAdapter.php on line 86 Stack trace:   1. LogicException->() F:\phpStudy\WWW\EasyExtends\vendor\league\flysystem-ziparchive\src\ZipArchiveAdapter.php:86   2. League\Flysystem\ZipArchive\ZipArchiveAdapter->openArchive() F:\phpStudy\WWW\EasyExtends\vendor\league\flysystem-ziparchive\src\ZipArchiveAdapter.php:42   3. League\Flysystem\ZipArchive\ZipArchiveAdapter->__construct() F:\phpStudy\WWW\EasyExtends\app\Foundation\Expand.php:74   4. DavidNineRoc\EasyExtends\Foundation\Expand->unZipFile() F:\phpStudy\WWW\EasyExtends\app\Foundation\Expand.php:39   5. DavidNineRoc\EasyExtends\Foundation\Expand->installExtend() F:\phpStudy\WWW\EasyExtends\install.php:20  [] []
[2018-03-24T13:12:06.868799+00:00] easy-extends.ERROR: Error: Class 'League\Flysystem\Filesystem' not found in file F:\phpStudy\WWW\EasyExtends\app\Foundation\Expand.php on line 76 Stack trace:   1. Error->() F:\phpStudy\WWW\EasyExtends\app\Foundation\Expand.php:76   2. DavidNineRoc\EasyExtends\Foundation\Expand->unZipFile() F:\phpStudy\WWW\EasyExtends\app\Foundation\Expand.php:40   3. DavidNineRoc\EasyExtends\Foundation\Expand->installExtend() F:\phpStudy\WWW\EasyExtends\install.php:20  [] []
[2018-03-24T13:34:50.169188+00:00] easy-extends.ERROR: DavidNineRoc\EasyExtends\Exception\NotExtensionDirException: There is no environment-compliant version in file F:\phpStudy\WWW\EasyExtends\app\Foundation\Expand.php on line 35 Stack trace:   1. DavidNineRoc\EasyExtends\Exception\NotExtensionDirException->() F:\phpStudy\WWW\EasyExtends\app\Foundation\Expand.php:35   2. DavidNineRoc\EasyExtends\Foundation\Expand->installExtend() F:\phpStudy\WWW\EasyExtends\install.php:20  [] []
[2018-03-24T13:38:09.172026+00:00] easy-extends.ERROR: DavidNineRoc\EasyExtends\Exception\NotExtensionDirException: There is no environment-compliant version in file F:\phpStudy\WWW\EasyExtends\app\Foundation\Expand.php on line 35 Stack trace:   1. DavidNineRoc\EasyExtends\Exception\NotExtensionDirException->() F:\phpStudy\WWW\EasyExtends\app\Foundation\Expand.php:35   2. DavidNineRoc\EasyExtends\Foundation\Expand->installExtend() F:\phpStudy\WWW\EasyExtends\install.php:20  [] []
[2018-03-24T13:38:57.575325+00:00] easy-extends.ERROR: DavidNineRoc\IniParseRender\Exception\WriteIniException: [extension] = [php_curl.dll] configure already exists in file F:\phpStudy\WWW\EasyExtends\vendor\davidnineroc\ini-parse-render\src\IniOperate.php on line 154 Stack trace:   1. DavidNineRoc\IniParseRender\Exception\WriteIniException->() F:\phpStudy\WWW\EasyExtends\vendor\davidnineroc\ini-parse-render\src\IniOperate.php:154   2. DavidNineRoc\IniParseRender\IniOperate->setKeyValuePair() F:\phpStudy\WWW\EasyExtends\vendor\davidnineroc\ini-parse-render\src\IniOperate.php:88   3. DavidNineRoc\IniParseRender\IniOperate->set() F:\phpStudy\WWW\EasyExtends\vendor\davidnineroc\ini-parse-render\src\IniManager.php:75   4. DavidNineRoc\IniParseRender\IniManager->__call() F:\phpStudy\WWW\EasyExtends\app\Foundation\Expand.php:112   5. DavidNineRoc\EasyExtends\Foundation\Expand->openExtend() F:\phpStudy\WWW\EasyExtends\app\Foundation\Expand.php:47   6. DavidNineRoc\EasyExtends\Foundation\Expand->installExtend() F:\phpStudy\WWW\EasyExtends\install.php:20  [] []
[2018-03-24T13:40:48.099807+00:00] easy-extends.ERROR: ParseError: syntax error, unexpected '$ini' (T_VARIABLE) in file F:\phpStudy\WWW\EasyExtends\app\Foundation\Expand.php on line 113 Stack trace:   1. ParseError->() F:\phpStudy\WWW\EasyExtends\app\Foundation\Expand.php:113   2. Composer\Autoload\includeFile() F:\phpStudy\WWW\EasyExtends\vendor\composer\ClassLoader.php:322   3. Composer\Autoload\ClassLoader->loadClass() [internal]:0   4. spl_autoload_call() F:\phpStudy\WWW\EasyExtends\app\Foundation\NotDownloadExpand.php:6   5. include() F:\phpStudy\WWW\EasyExtends\vendor\composer\ClassLoader.php:444   6. Composer\Autoload\includeFile() F:\phpStudy\WWW\EasyExtends\vendor\composer\ClassLoader.php:322   7. Composer\Autoload\ClassLoader->loadClass() [internal]:0   8. spl_autoload_call() F:\phpStudy\WWW\EasyExtends\app\Extensions\Curl.php:11   9. include() F:\phpStudy\WWW\EasyExtends\vendor\composer\ClassLoader.php:444  10. Composer\Autoload\includeFile() F:\phpStudy\WWW\EasyExtends\vendor\composer\ClassLoader.php:322  11. Composer\Autoload\ClassLoader->loadClass() [internal]:0  12. spl_autoload_call() [internal]:0  13. class_exists() F:\phpStudy\WWW\EasyExtends\app\Kernel\Command.php:20  14. DavidNineRoc\EasyExtends\Application->getExtension() F:\phpStudy\WWW\EasyExtends\install.php:13  [] []
[2018-03-24T13:41:51.585284+00:00] easy-extends.ERROR: ParseError: syntax error, unexpected ';', expecting ',' or ')' in file F:\phpStudy\WWW\EasyExtends\app\Foundation\Expand.php on line 113 Stack trace:   1. ParseError->() F:\phpStudy\WWW\EasyExtends\app\Foundation\Expand.php:113   2. Composer\Autoload\includeFile() F:\phpStudy\WWW\EasyExtends\vendor\composer\ClassLoader.php:322   3. Composer\Autoload\ClassLoader->loadClass() [internal]:0   4. spl_autoload_call() F:\phpStudy\WWW\EasyExtends\app\Foundation\NotDownloadExpand.php:6   5. include() F:\phpStudy\WWW\EasyExtends\vendor\composer\ClassLoader.php:444   6. Composer\Autoload\includeFile() F:\phpStudy\WWW\EasyExtends\vendor\composer\ClassLoader.php:322   7. Composer\Autoload\ClassLoader->loadClass() [internal]:0   8. spl_autoload_call() F:\phpStudy\WWW\EasyExtends\app\Extensions\Curl.php:11   9. include() F:\phpStudy\WWW\EasyExtends\vendor\composer\ClassLoader.php:444  10. Composer\Autoload\includeFile() F:\phpStudy\WWW\EasyExtends\vendor\composer\ClassLoader.php:322  11. Composer\Autoload\ClassLoader->loadClass() [internal]:0  12. spl_autoload_call() [internal]:0  13. class_exists() F:\phpStudy\WWW\EasyExtends\app\Kernel\Command.php:20  14. DavidNineRoc\EasyExtends\Application->getExtension() F:\phpStudy\WWW\EasyExtends\install.php:13  [] []
[2018-03-24T14:05:59.349037+00:00] easy-extends.ERROR: Error: Function name must be a string in file F:\phpStudy\WWW\EasyExtends\app\Kernel\Env.php on line 83 Stack trace:   1. Error->() F:\phpStudy\WWW\EasyExtends\app\Kernel\Env.php:83   2. DavidNineRoc\EasyExtends\Application->setBaseConfig() F:\phpStudy\WWW\EasyExtends\app\Kernel\Env.php:46   3. DavidNineRoc\EasyExtends\Application->loadCurrentEnv() F:\phpStudy\WWW\EasyExtends\app\Application.php:44   4. DavidNineRoc\EasyExtends\Application->__construct() F:\phpStudy\WWW\EasyExtends\bootstrap\app.php:10   5. include_once() C:\Users\WaitMoonMan\AppData\Roaming\Composer\vendor\phpunit\phpunit\src\Util\Fileloader.php:64   6. PHPUnit\Util\Fileloader->load() C:\Users\WaitMoonMan\AppData\Roaming\Composer\vendor\phpunit\phpunit\src\Util\Fileloader.php:48   7. PHPUnit\Util\Fileloader->checkAndLoad() C:\Users\WaitMoonMan\AppData\Roaming\Composer\vendor\phpunit\phpunit\src\TextUI\Command.php:991   8. PHPUnit\TextUI\Command->handleBootstrap() C:\Users\WaitMoonMan\AppData\Roaming\Composer\vendor\phpunit\phpunit\src\TextUI\Command.php:788   9. PHPUnit\TextUI\Command->handleArguments() C:\Users\WaitMoonMan\AppData\Roaming\Composer\vendor\phpunit\phpunit\src\TextUI\Command.php:159  10. PHPUnit\TextUI\Command->run() C:\Users\WaitMoonMan\AppData\Roaming\Composer\vendor\phpunit\phpunit\src\TextUI\Command.php:148  11. PHPUnit\TextUI\Command->main() C:\Users\WaitMoonMan\AppData\Roaming\Composer\vendor\phpunit\phpunit\phpunit:53  [] []
[2018-03-24T14:06:13.102278+00:00] easy-extends.ERROR: Whoops\Exception\ErrorException: Undefined index: test_env in file F:\phpStudy\WWW\EasyExtends\app\Kernel\Env.php on line 83 Stack trace:   1. Whoops\Exception\ErrorException->() F:\phpStudy\WWW\EasyExtends\app\Kernel\Env.php:83   2. Whoops\Run->handleError() F:\phpStudy\WWW\EasyExtends\app\Kernel\Env.php:83   3. DavidNineRoc\EasyExtends\Application->setBaseConfig() F:\phpStudy\WWW\EasyExtends\app\Kernel\Env.php:46   4. DavidNineRoc\EasyExtends\Application->loadCurrentEnv() F:\phpStudy\WWW\EasyExtends\app\Application.php:44   5. DavidNineRoc\EasyExtends\Application->__construct() F:\phpStudy\WWW\EasyExtends\bootstrap\app.php:10   6. include_once() C:\Users\WaitMoonMan\AppData\Roaming\Composer\vendor\phpunit\phpunit\src\Util\Fileloader.php:64   7. PHPUnit\Util\Fileloader->load() C:\Users\WaitMoonMan\AppData\Roaming\Composer\vendor\phpunit\phpunit\src\Util\Fileloader.php:48   8. PHPUnit\Util\Fileloader->checkAndLoad() C:\Users\WaitMoonMan\AppData\Roaming\Composer\vendor\phpunit\phpunit\src\TextUI\Command.php:991   9. PHPUnit\TextUI\Command->handleBootstrap() C:\Users\WaitMoonMan\AppData\Roaming\Composer\vendor\phpunit\phpunit\src\TextUI\Command.php:788  10. PHPUnit\TextUI\Command->handleArguments() C:\Users\WaitMoonMan\AppData\Roaming\Composer\vendor\phpunit\phpunit\src\TextUI\Command.php:159  11. PHPUnit\TextUI\Command->run() C:\Users\WaitMoonMan\AppData\Roaming\Composer\vendor\phpunit\phpunit\src\TextUI\Command.php:148  12. PHPUnit\TextUI\Command->main() C:\Users\WaitMoonMan\AppData\Roaming\Composer\vendor\phpunit\phpunit\phpunit:53  [] []
[2018-03-24T14:06:21.507111+00:00] easy-extends.ERROR: Whoops\Exception\ErrorException: Undefined index: test_env in file F:\phpStudy\WWW\EasyExtends\app\Kernel\Env.php on line 83 Stack trace:   1. Whoops\Exception\ErrorException->() F:\phpStudy\WWW\EasyExtends\app\Kernel\Env.php:83   2. Whoops\Run->handleError() F:\phpStudy\WWW\EasyExtends\app\Kernel\Env.php:83   3. DavidNineRoc\EasyExtends\Application->setBaseConfig() F:\phpStudy\WWW\EasyExtends\app\Kernel\Env.php:46   4. DavidNineRoc\EasyExtends\Application->loadCurrentEnv() F:\phpStudy\WWW\EasyExtends\app\Application.php:44   5. DavidNineRoc\EasyExtends\Application->__construct() F:\phpStudy\WWW\EasyExtends\bootstrap\app.php:10   6. include_once() C:\Users\WaitMoonMan\AppData\Roaming\Composer\vendor\phpunit\phpunit\src\Util\Fileloader.php:64   7. PHPUnit\Util\Fileloader->load() C:\Users\WaitMoonMan\AppData\Roaming\Composer\vendor\phpunit\phpunit\src\Util\Fileloader.php:48   8. PHPUnit\Util\Fileloader->checkAndLoad() C:\Users\WaitMoonMan\AppData\Roaming\Composer\vendor\phpunit\phpunit\src\TextUI\Command.php:991   9. PHPUnit\TextUI\Command->handleBootstrap() C:\Users\WaitMoonMan\AppData\Roaming\Composer\vendor\phpunit\phpunit\src\TextUI\Command.php:788  10. PHPUnit\TextUI\Command->handleArguments() C:\Users\WaitMoonMan\AppData\Roaming\Composer\vendor\phpunit\phpunit\src\TextUI\Command.php:159  11. PHPUnit\TextUI\Command->run() C:\Users\WaitMoonMan\AppData\Roaming\Composer\vendor\phpunit\phpunit\src\TextUI\Command.php:148  12. PHPUnit\TextUI\Command->main() C:\Users\WaitMoonMan\AppData\Roaming\Composer\vendor\phpunit\phpunit\phpunit:53  [] []
